This file contains any messages produced by compilers while
running configure, to aid debugging if configure makes a mistake.

It was created by libjpeg-turbo configure 1.3.90, which was
generated by GNU Autoconf 2.69.  Invocation command line was

  $ ./configure 

## --------- ##
## Platform. ##
## --------- ##

hostname = Shahzebs-MacBook-Pro.local
uname -m = arm64
uname -r = 21.6.0
uname -s = Darwin
uname -v = Darwin Kernel Version 21.6.0: Thu Jul  6 22:20:00 PDT 2023; root:xnu-8020.240.18.702.13~1/RELEASE_ARM64_T6000

/usr/bin/uname -p = arm
/bin/uname -X     = unknown

/bin/arch              = unknown
/usr/bin/arch -k       = unknown
/usr/convex/getsysinfo = unknown
/usr/bin/hostinfo      = Mach kernel version:
	 Darwin Kernel Version 21.6.0: Thu Jul  6 22:20:00 PDT 2023; root:xnu-8020.240.18.702.13~1/RELEASE_ARM64_T6000
Kernel configured for up to 8 processors.
8 processors are physically available.
8 processors are logically available.
Processor type: arm64e (ARM64E)
Processors active: 0 1 2 3 4 5 6 7
Primary memory available: 16.00 gigabytes
Default processor set: 446 tasks, 3312 threads, 8 processors
Load average: 3.50, Mach factor: 5.08
/bin/machine           = unknown
/usr/bin/oslevel       = unknown
/bin/universe          = unknown

PATH: /Users/shahzeblakhani/miniforge3/condabin
PATH: /Library/Frameworks/Python.framework/Versions/3.11/bin
PATH: /usr/local/bin
PATH: /usr/bin
PATH: /bin
PATH: /usr/sbin
PATH: /sbin
PATH: /opt/X11/bin
PATH: /Users/shahzeblakhani/ch-darwin-arm64
PATH: /Users/shahzeblakhani/ch-darwin-arm64


## ----------- ##
## Core tests. ##
## ----------- ##

configure:3053: checking for a BSD-compatible install
configure:3121: result: /usr/local/bin/ginstall -c
configure:3132: checking whether build environment is sane
configure:3169: result: yes
configure:3231: checking for gawk
configure:3261: result: no
configure:3231: checking for mawk
configure:3261: result: no
configure:3231: checking for nawk
configure:3261: result: no
configure:3231: checking for awk
configure:3247: found /usr/bin/awk
configure:3258: result: awk
configure:3269: checking whether make sets $(MAKE)
configure:3291: result: yes
configure:3488: checking for style of include used by make
configure:3516: result: GNU
configure:3589: checking for gcc
configure:3605: found /usr/bin/gcc
configure:3616: result: gcc
configure:3845: checking for C compiler version
configure:3854: gcc --version >&5
Apple clang version 14.0.0 (clang-1400.0.29.202)
Target: arm64-apple-darwin21.6.0
Thread model: posix
InstalledDir: /Library/Developer/CommandLineTools/usr/bin
configure:3865: $? = 0
configure:3854: gcc -v >&5
Apple clang version 14.0.0 (clang-1400.0.29.202)
Target: arm64-apple-darwin21.6.0
Thread model: posix
InstalledDir: /Library/Developer/CommandLineTools/usr/bin
configure:3865: $? = 0
configure:3854: gcc -V >&5
clang: error: argument to '-V' is missing (expected 1 value)
clang: error: no input files
configure:3865: $? = 1
configure:3854: gcc -qversion >&5
clang: error: unknown argument '-qversion'; did you mean '--version'?
clang: error: no input files
configure:3865: $? = 1
configure:3885: checking whether the C compiler works
configure:3907: gcc    conftest.c  >&5
configure:3911: $? = 0
configure:3959: result: yes
configure:3962: checking for C compiler default output file name
configure:3964: result: a.out
configure:3970: checking for suffix of executables
configure:3977: gcc -o conftest    conftest.c  >&5
configure:3981: $? = 0
configure:4003: result: 
configure:4025: checking whether we are cross compiling
configure:4033: gcc -o conftest    conftest.c  >&5
configure:4037: $? = 0
configure:4044: ./conftest
configure:4048: $? = 0
configure:4063: result: no
configure:4068: checking for suffix of object files
configure:4090: gcc -c   conftest.c >&5
configure:4094: $? = 0
configure:4115: result: o
configure:4119: checking whether we are using the GNU C compiler
configure:4138: gcc -c   conftest.c >&5
configure:4138: $? = 0
configure:4147: result: yes
configure:4156: checking whether gcc accepts -g
configure:4176: gcc -c -g  conftest.c >&5
configure:4176: $? = 0
configure:4217: result: yes
configure:4234: checking for gcc option to accept ISO C89
configure:4297: gcc  -c -g -O2  conftest.c >&5
configure:4297: $? = 0
configure:4310: result: none needed
configure:4332: checking dependency style of gcc
configure:4422: result: gcc3
configure:4444: checking how to run the C preprocessor
configure:4475: gcc -E  conftest.c
configure:4475: $? = 0
configure:4489: gcc -E  conftest.c
conftest.c:11:10: fatal error: 'ac_nonexistent.h' file not found
#include <ac_nonexistent.h>
         ^~~~~~~~~~~~~~~~~~
1 error generated.
configure:4489: $? = 1
configure: failed program was:
| /* confdefs.h */
| #define PACKAGE_NAME "libjpeg-turbo"
| #define PACKAGE_TARNAME "libjpeg-turbo"
| #define PACKAGE_VERSION "1.3.90"
| #define PACKAGE_STRING "libjpeg-turbo 1.3.90"
| #define PACKAGE_BUGREPORT ""
| #define PACKAGE_URL ""
| #define PACKAGE "libjpeg-turbo"
| #define VERSION "1.3.90"
| /* end confdefs.h.  */
| #include <ac_nonexistent.h>
configure:4514: result: gcc -E
configure:4534: gcc -E  conftest.c
configure:4534: $? = 0
configure:4548: gcc -E  conftest.c
conftest.c:11:10: fatal error: 'ac_nonexistent.h' file not found
#include <ac_nonexistent.h>
         ^~~~~~~~~~~~~~~~~~
1 error generated.
configure:4548: $? = 1
configure: failed program was:
| /* confdefs.h */
| #define PACKAGE_NAME "libjpeg-turbo"
| #define PACKAGE_TARNAME "libjpeg-turbo"
| #define PACKAGE_VERSION "1.3.90"
| #define PACKAGE_STRING "libjpeg-turbo 1.3.90"
| #define PACKAGE_BUGREPORT ""
| #define PACKAGE_URL ""
| #define PACKAGE "libjpeg-turbo"
| #define VERSION "1.3.90"
| /* end confdefs.h.  */
| #include <ac_nonexistent.h>
configure:4624: checking for gcc
configure:4651: result: gcc
configure:4880: checking for C compiler version
configure:4889: gcc --version >&5
Apple clang version 14.0.0 (clang-1400.0.29.202)
Target: arm64-apple-darwin21.6.0
Thread model: posix
InstalledDir: /Library/Developer/CommandLineTools/usr/bin
configure:4900: $? = 0
configure:4889: gcc -v >&5
Apple clang version 14.0.0 (clang-1400.0.29.202)
Target: arm64-apple-darwin21.6.0
Thread model: posix
InstalledDir: /Library/Developer/CommandLineTools/usr/bin
configure:4900: $? = 0
configure:4889: gcc -V >&5
clang: error: argument to '-V' is missing (expected 1 value)
clang: error: no input files
configure:4900: $? = 1
configure:4889: gcc -qversion >&5
clang: error: unknown argument '-qversion'; did you mean '--version'?
clang: error: no input files
configure:4900: $? = 1
configure:4904: checking whether we are using the GNU C compiler
configure:4932: result: yes
configure:4941: checking whether gcc accepts -g
configure:5002: result: yes
configure:5019: checking for gcc option to accept ISO C89
configure:5095: result: none needed
configure:5117: checking dependency style of gcc
configure:5207: result: gcc3
configure:5233: checking whether gcc and cc understand -c and -o together
configure:5264: gcc -c conftest.c -o conftest2.o >&5
configure:5268: $? = 0
configure:5274: gcc -c conftest.c -o conftest2.o >&5
configure:5278: $? = 0
configure:5289: cc -c conftest.c >&5
configure:5293: $? = 0
configure:5301: cc -c conftest.c -o conftest2.o >&5
configure:5305: $? = 0
configure:5311: cc -c conftest.c -o conftest2.o >&5
configure:5315: $? = 0
configure:5333: result: yes
configure:5433: checking build system type
configure:5447: result: arm-apple-darwin21.6.0
configure:5467: checking host system type
configure:5480: result: arm-apple-darwin21.6.0
configure:5500: checking for a sed that does not truncate output
configure:5554: result: /usr/bin/sed
configure:5557: checking for grep that handles long lines and -e
configure:5615: result: /usr/bin/grep
configure:5620: checking for egrep
configure:5682: result: /usr/bin/grep -E
configure:5698: checking for ld used by gcc
configure:5765: result: /Library/Developer/CommandLineTools/usr/bin/ld
configure:5772: checking if the linker (/Library/Developer/CommandLineTools/usr/bin/ld) is GNU ld
configure:5787: result: no
configure:5792: checking for /Library/Developer/CommandLineTools/usr/bin/ld option to reload object files
configure:5799: result: -r
configure:5808: checking for BSD-compatible nm
configure:5850: result: /usr/bin/nm -B
configure:5854: checking whether ln -s works
configure:5858: result: yes
configure:5865: checking how to recognise dependent libraries
configure:6048: result: pass_all
configure:6230: checking for ANSI C header files
configure:6250: gcc -c -g -O2  conftest.c >&5
configure:6250: $? = 0
configure:6323: gcc -o conftest -g -O2   conftest.c  >&5
configure:6323: $? = 0
configure:6323: ./conftest
configure:6323: $? = 0
configure:6334: result: yes
configure:6347: checking for sys/types.h
configure:6347: gcc -c -g -O2  conftest.c >&5
configure:6347: $? = 0
configure:6347: result: yes
configure:6347: checking for sys/stat.h
configure:6347: gcc -c -g -O2  conftest.c >&5
configure:6347: $? = 0
configure:6347: result: yes
configure:6347: checking for stdlib.h
configure:6347: gcc -c -g -O2  conftest.c >&5
configure:6347: $? = 0
configure:6347: result: yes
configure:6347: checking for string.h
configure:6347: gcc -c -g -O2  conftest.c >&5
configure:6347: $? = 0
configure:6347: result: yes
configure:6347: checking for memory.h
configure:6347: gcc -c -g -O2  conftest.c >&5
configure:6347: $? = 0
configure:6347: result: yes
configure:6347: checking for strings.h
configure:6347: gcc -c -g -O2  conftest.c >&5
configure:6347: $? = 0
configure:6347: result: yes
configure:6347: checking for inttypes.h
configure:6347: gcc -c -g -O2  conftest.c >&5
configure:6347: $? = 0
configure:6347: result: yes
configure:6347: checking for stdint.h
configure:6347: gcc -c -g -O2  conftest.c >&5
configure:6347: $? = 0
configure:6347: result: yes
configure:6347: checking for unistd.h
configure:6347: gcc -c -g -O2  conftest.c >&5
configure:6347: $? = 0
configure:6347: result: yes
configure:6361: checking dlfcn.h usability
configure:6361: gcc -c -g -O2  conftest.c >&5
configure:6361: $? = 0
configure:6361: result: yes
configure:6361: checking dlfcn.h presence
configure:6361: gcc -E  conftest.c
configure:6361: $? = 0
configure:6361: result: yes
configure:6361: checking for dlfcn.h
configure:6361: result: yes
configure:6429: checking for g++
configure:6445: found /usr/bin/g++
configure:6456: result: g++
configure:6483: checking for C++ compiler version
configure:6492: g++ --version >&5
Apple clang version 14.0.0 (clang-1400.0.29.202)
Target: arm64-apple-darwin21.6.0
Thread model: posix
InstalledDir: /Library/Developer/CommandLineTools/usr/bin
configure:6503: $? = 0
configure:6492: g++ -v >&5
Apple clang version 14.0.0 (clang-1400.0.29.202)
Target: arm64-apple-darwin21.6.0
Thread model: posix
InstalledDir: /Library/Developer/CommandLineTools/usr/bin
configure:6503: $? = 0
configure:6492: g++ -V >&5
clang: error: argument to '-V' is missing (expected 1 value)
clang: error: no input files
configure:6503: $? = 1
configure:6492: g++ -qversion >&5
clang: error: unknown argument '-qversion'; did you mean '--version'?
clang: error: no input files
configure:6503: $? = 1
configure:6507: checking whether we are using the GNU C++ compiler
configure:6526: g++ -c   conftest.cpp >&5
configure:6526: $? = 0
configure:6535: result: yes
configure:6544: checking whether g++ accepts -g
configure:6564: g++ -c -g  conftest.cpp >&5
configure:6564: $? = 0
configure:6605: result: yes
configure:6630: checking dependency style of g++
configure:6720: result: gcc3
configure:6742: checking how to run the C++ preprocessor
configure:6769: g++ -E  conftest.cpp
configure:6769: $? = 0
configure:6783: g++ -E  conftest.cpp
conftest.cpp:22:10: fatal error: 'ac_nonexistent.h' file not found
#include <ac_nonexistent.h>
         ^~~~~~~~~~~~~~~~~~
1 error generated.
configure:6783: $? = 1
configure: failed program was:
| /* confdefs.h */
| #define PACKAGE_NAME "libjpeg-turbo"
| #define PACKAGE_TARNAME "libjpeg-turbo"
| #define PACKAGE_VERSION "1.3.90"
| #define PACKAGE_STRING "libjpeg-turbo 1.3.90"
| #define PACKAGE_BUGREPORT ""
| #define PACKAGE_URL ""
| #define PACKAGE "libjpeg-turbo"
| #define VERSION "1.3.90"
| #define STDC_HEADERS 1
| #define HAVE_SYS_TYPES_H 1
| #define HAVE_SYS_STAT_H 1
| #define HAVE_STDLIB_H 1
| #define HAVE_STRING_H 1
| #define HAVE_MEMORY_H 1
| #define HAVE_STRINGS_H 1
| #define HAVE_INTTYPES_H 1
| #define HAVE_STDINT_H 1
| #define HAVE_UNISTD_H 1
| #define HAVE_DLFCN_H 1
| /* end confdefs.h.  */
| #include <ac_nonexistent.h>
configure:6808: result: g++ -E
configure:6828: g++ -E  conftest.cpp
configure:6828: $? = 0
configure:6842: g++ -E  conftest.cpp
conftest.cpp:22:10: fatal error: 'ac_nonexistent.h' file not found
#include <ac_nonexistent.h>
         ^~~~~~~~~~~~~~~~~~
1 error generated.
configure:6842: $? = 1
configure: failed program was:
| /* confdefs.h */
| #define PACKAGE_NAME "libjpeg-turbo"
| #define PACKAGE_TARNAME "libjpeg-turbo"
| #define PACKAGE_VERSION "1.3.90"
| #define PACKAGE_STRING "libjpeg-turbo 1.3.90"
| #define PACKAGE_BUGREPORT ""
| #define PACKAGE_URL ""
| #define PACKAGE "libjpeg-turbo"
| #define VERSION "1.3.90"
| #define STDC_HEADERS 1
| #define HAVE_SYS_TYPES_H 1
| #define HAVE_SYS_STAT_H 1
| #define HAVE_STDLIB_H 1
| #define HAVE_STRING_H 1
| #define HAVE_MEMORY_H 1
| #define HAVE_STRINGS_H 1
| #define HAVE_INTTYPES_H 1
| #define HAVE_STDINT_H 1
| #define HAVE_UNISTD_H 1
| #define HAVE_DLFCN_H 1
| /* end confdefs.h.  */
| #include <ac_nonexistent.h>
configure:6924: checking for g77
configure:6954: result: no
configure:6924: checking for xlf
configure:6954: result: no
configure:6924: checking for f77
configure:6954: result: no
configure:6924: checking for frt
configure:6954: result: no
configure:6924: checking for pgf77
configure:6954: result: no
configure:6924: checking for cf77
configure:6954: result: no
configure:6924: checking for fort77
configure:6954: result: no
configure:6924: checking for fl32
configure:6954: result: no
configure:6924: checking for af77
configure:6954: result: no
configure:6924: checking for xlf90
configure:6954: result: no
configure:6924: checking for f90
configure:6954: result: no
configure:6924: checking for pgf90
configure:6954: result: no
configure:6924: checking for pghpf
configure:6954: result: no
configure:6924: checking for epcf90
configure:6954: result: no
configure:6924: checking for gfortran
configure:6940: found /usr/local/bin/gfortran
configure:6951: result: gfortran
configure:6977: checking for Fortran 77 compiler version
configure:6986: gfortran --version >&5
GNU Fortran (GCC) 12.2.0
Copyright (C) 2022 Free Software Foundation, Inc.
This is free software; see the source for copying conditions.  There is NO
warranty; not even for MERCHANTABILITY or FITNESS FOR A PARTICULAR PURPOSE.

configure:6997: $? = 0
configure:6986: gfortran -v >&5
Using built-in specs.
COLLECT_GCC=gfortran
COLLECT_LTO_WRAPPER=/usr/local/gfortran/libexec/gcc/aarch64-apple-darwin22/12.2.0/lto-wrapper
Target: aarch64-apple-darwin22
Configured with: ../gcc-12.2.0/configure --prefix=/usr/local/gfortran --with-gmp=/Users/fx/devel/gcc/build_package/deps --enable-languages=c,c++,objc,obj-c++,fortran --build=aarch64-apple-darwin22 --with-sysroot=/Library/Developer/CommandLineTools/SDKs/MacOSX13.sdk
Thread model: posix
Supported LTO compression algorithms: zlib
gcc version 12.2.0 (GCC) 
configure:6997: $? = 0
configure:6986: gfortran -V >&5
gfortran: error: unrecognized command-line option '-V'
gfortran: fatal error: no input files
compilation terminated.
configure:6997: $? = 1
configure:6986: gfortran -qversion >&5
gfortran: error: unrecognized command-line option '-qversion'; did you mean '--version'?
gfortran: fatal error: no input files
compilation terminated.
configure:6997: $? = 1
configure:7006: checking whether we are using the GNU Fortran 77 compiler
configure:7019: gfortran -c  conftest.F >&5
configure:7019: $? = 0
configure:7028: result: yes
configure:7034: checking whether gfortran accepts -g
configure:7045: gfortran -c -g conftest.f >&5
configure:7045: $? = 0
configure:7053: result: yes
configure:7087: checking the maximum length of command line arguments
configure:7152: result: 262144
configure:7163: checking command to parse /usr/bin/nm -B output from gcc object
configure:7252: gcc -c -g -O2  conftest.c >&5
configure:7255: $? = 0
configure:7259: /usr/bin/nm -B conftest.o \| sed -n -e 's/^.*[ 	]\([ABCDGIRSTW][ABCDGIRSTW]*\)[ 	][ 	]*\(\)\([_A-Za-z][_A-Za-z0-9]*\)$/\1 \2\3 \3/p' \> conftest.nm
configure:7262: $? = 0
cannot find nm_test_var in conftest.nm
configure:7252: gcc -c -g -O2  conftest.c >&5
configure:7255: $? = 0
configure:7259: /usr/bin/nm -B conftest.o \| sed -n -e 's/^.*[ 	]\([ABCDGIRSTW][ABCDGIRSTW]*\)[ 	][ 	]*\(_\)\([_A-Za-z][_A-Za-z0-9]*\)$/\1 \2\3 \3/p' \> conftest.nm
configure:7262: $? = 0
configure:7314: gcc -o conftest -g -O2   conftest.c conftstm.o >&5
warning: (arm64)  could not find object file symbol for symbol _main
configure:7317: $? = 0
configure:7355: result: ok
configure:7359: checking for objdir
configure:7374: result: .libs
configure:7466: checking for ar
configure:7482: found /usr/bin/ar
configure:7493: result: ar
configure:7558: checking for ranlib
configure:7574: found /usr/bin/ranlib
configure:7585: result: ranlib
configure:7650: checking for strip
configure:7666: found /usr/bin/strip
configure:7677: result: strip
configure:7949: checking if gcc static flag  works
configure:7972: result: yes
configure:7990: checking if gcc supports -fno-rtti -fno-exceptions
configure:8008: gcc -c -g -O2  -fno-rtti -fno-exceptions conftest.c >&5
configure:8012: $? = 0
configure:8023: result: yes
configure:8038: checking for gcc option to produce PIC
configure:8215: result: -fno-common
configure:8223: checking if gcc PIC flag -fno-common works
configure:8241: gcc -c -g -O2  -fno-common -DPIC conftest.c >&5
configure:8245: $? = 0
configure:8256: result: yes
configure:8280: checking if gcc supports -c -o file.o
configure:8301: gcc -c -g -O2  -o out/conftest2.o conftest.c >&5
configure:8305: $? = 0
configure:8325: result: yes
configure:8351: checking whether the gcc linker (/Library/Developer/CommandLineTools/usr/bin/ld) supports shared libraries
configure:9141: result: yes
configure:9212: checking dynamic linker characteristics
configure:9773: result: darwin21.6.0 dyld
configure:9777: checking how to hardcode library paths into programs
configure:9802: result: immediate
configure:9816: checking whether stripping libraries is possible
configure:9829: result: yes
configure:10333: checking if libtool supports shared libraries
configure:10335: result: yes
configure:10338: checking whether to build shared libraries
configure:10396: result: yes
configure:10399: checking whether to build static libraries
configure:10403: result: yes
configure:10495: creating libtool
configure:11038: checking for ld used by g++
configure:11105: result: /Library/Developer/CommandLineTools/usr/bin/ld
configure:11112: checking if the linker (/Library/Developer/CommandLineTools/usr/bin/ld) is GNU ld
configure:11127: result: no
configure:11178: checking whether the g++ linker (/Library/Developer/CommandLineTools/usr/bin/ld) supports shared libraries
configure:11948: result: yes
configure:11966: g++ -c -g -O2  conftest.cc >&5
configure:11969: $? = 0
configure:12065: checking for g++ option to produce PIC
configure:12317: result: -fno-common
configure:12325: checking if g++ PIC flag -fno-common works
configure:12343: g++ -c -g -O2  -fno-common -DPIC conftest.cc >&5
configure:12347: $? = 0
configure:12358: result: yes
configure:12382: checking if g++ supports -c -o file.o
configure:12403: g++ -c -g -O2  -o out/conftest2.o conftest.cc >&5
configure:12407: $? = 0
configure:12427: result: yes
configure:12453: checking whether the g++ linker (/Library/Developer/CommandLineTools/usr/bin/ld) supports shared libraries
configure:12478: result: yes
configure:12549: checking dynamic linker characteristics
configure:13110: result: darwin21.6.0 dyld
configure:13114: checking how to hardcode library paths into programs
configure:13139: result: immediate
configure:13153: checking whether stripping libraries is possible
configure:13166: result: yes
configure:14147: checking if libtool supports shared libraries
configure:14149: result: yes
configure:14152: checking whether to build shared libraries
configure:14170: result: yes
configure:14173: checking whether to build static libraries
configure:14177: result: yes
configure:14189: checking for gfortran option to produce PIC
configure:14366: result: -fno-common
configure:14374: checking if gfortran PIC flag -fno-common works
configure:14392: gfortran -c -g -O2 -fno-common conftest.f >&5
configure:14396: $? = 0
configure:14407: result: yes
configure:14431: checking if gfortran supports -c -o file.o
configure:14452: gfortran -c -g -O2 -o out/conftest2.o conftest.f >&5
configure:14456: $? = 0
configure:14476: result: yes
configure:14502: checking whether the gfortran linker (/Library/Developer/CommandLineTools/usr/bin/ld) supports shared libraries
configure:15280: result: yes
configure:15351: checking dynamic linker characteristics
configure:15912: result: darwin21.6.0 dyld
configure:15916: checking how to hardcode library paths into programs
configure:15941: result: immediate
configure:15955: checking whether stripping libraries is possible
configure:15968: result: yes
configure:19685: checking whether ln -s works
configure:19689: result: yes
configure:19774: checking whether compiler supports pointers to undefined structures
configure:19787: gcc -c -g -O2  conftest.c >&5
configure:19787: $? = 0
configure:19788: result: yes
configure:19808: checking whether __SUNPRO_C is declared
configure:19808: gcc -c -O3 -Wall conftest.c >&5
conftest.c:62:10: error: use of undeclared identifier '__SUNPRO_C'
  (void) __SUNPRO_C;
         ^
1 error generated.
configure:19808: $? = 1
configure: failed program was:
| /* confdefs.h */
| #define PACKAGE_NAME "libjpeg-turbo"
| #define PACKAGE_TARNAME "libjpeg-turbo"
| #define PACKAGE_VERSION "1.3.90"
| #define PACKAGE_STRING "libjpeg-turbo 1.3.90"
| #define PACKAGE_BUGREPORT ""
| #define PACKAGE_URL ""
| #define PACKAGE "libjpeg-turbo"
| #define VERSION "1.3.90"
| #define STDC_HEADERS 1
| #define HAVE_SYS_TYPES_H 1
| #define HAVE_SYS_STAT_H 1
| #define HAVE_STDLIB_H 1
| #define HAVE_STRING_H 1
| #define HAVE_MEMORY_H 1
| #define HAVE_STRINGS_H 1
| #define HAVE_INTTYPES_H 1
| #define HAVE_STDINT_H 1
| #define HAVE_UNISTD_H 1
| #define HAVE_DLFCN_H 1
| /* end confdefs.h.  */
| #include <stdio.h>
| #ifdef HAVE_SYS_TYPES_H
| # include <sys/types.h>
| #endif
| #ifdef HAVE_SYS_STAT_H
| # include <sys/stat.h>
| #endif
| #ifdef STDC_HEADERS
| # include <stdlib.h>
| # include <stddef.h>
| #else
| # ifdef HAVE_STDLIB_H
| #  include <stdlib.h>
| # endif
| #endif
| #ifdef HAVE_STRING_H
| # if !defined STDC_HEADERS && defined HAVE_MEMORY_H
| #  include <memory.h>
| # endif
| # include <string.h>
| #endif
| #ifdef HAVE_STRINGS_H
| # include <strings.h>
| #endif
| #ifdef HAVE_INTTYPES_H
| # include <inttypes.h>
| #endif
| #ifdef HAVE_STDINT_H
| # include <stdint.h>
| #endif
| #ifdef HAVE_UNISTD_H
| # include <unistd.h>
| #endif
| int
| main ()
| {
| #ifndef __SUNPRO_C
| #ifdef __cplusplus
|   (void) __SUNPRO_C;
| #else
|   (void) __SUNPRO_C;
| #endif
| #endif
| 
|   ;
|   return 0;
| }
configure:19808: result: no
configure:19824: checking for ANSI C header files
configure:19928: result: yes
configure:19939: checking stddef.h usability
configure:19939: gcc -c -O3 -Wall conftest.c >&5
configure:19939: $? = 0
configure:19939: result: yes
configure:19939: checking stddef.h presence
configure:19939: gcc -E -Wall conftest.c
configure:19939: $? = 0
configure:19939: result: yes
configure:19939: checking for stddef.h
configure:19939: result: yes
configure:19939: checking for stdlib.h
configure:19939: result: yes
configure:19939: checking locale.h usability
configure:19939: gcc -c -O3 -Wall conftest.c >&5
configure:19939: $? = 0
configure:19939: result: yes
configure:19939: checking locale.h presence
configure:19939: gcc -E -Wall conftest.c
configure:19939: $? = 0
configure:19939: result: yes
configure:19939: checking for locale.h
configure:19939: result: yes
configure:19939: checking for string.h
configure:19939: result: yes
configure:19949: checking for sys/types.h
configure:19949: result: yes
configure:19959: checking for an ANSI C-conforming const
configure:20025: gcc -c -O3 -Wall conftest.c >&5
configure:20025: $? = 0
configure:20032: result: yes
configure:20040: checking whether char is unsigned
configure:20059: gcc -c -O3 -Wall conftest.c >&5
configure:20059: $? = 0
configure:20066: result: no
configure:20073: checking for inline
configure:20089: gcc -c -O3 -Wall conftest.c >&5
conftest.c:30:21: warning: unused function 'static_foo' [-Wunused-function]
static inline foo_t static_foo () {return 0; }
                    ^
1 warning generated.
configure:20089: $? = 0
configure:20097: result: inline
configure:20115: checking for size_t
configure:20115: gcc -c -O3 -Wall conftest.c >&5
configure:20115: $? = 0
configure:20115: gcc -c -O3 -Wall conftest.c >&5
conftest.c:64:21: error: expected expression
if (sizeof ((size_t)))
                    ^
1 error generated.
configure:20115: $? = 1
configure: failed program was:
| /* confdefs.h */
| #define PACKAGE_NAME "libjpeg-turbo"
| #define PACKAGE_TARNAME "libjpeg-turbo"
| #define PACKAGE_VERSION "1.3.90"
| #define PACKAGE_STRING "libjpeg-turbo 1.3.90"
| #define PACKAGE_BUGREPORT ""
| #define PACKAGE_URL ""
| #define PACKAGE "libjpeg-turbo"
| #define VERSION "1.3.90"
| #define STDC_HEADERS 1
| #define HAVE_SYS_TYPES_H 1
| #define HAVE_SYS_STAT_H 1
| #define HAVE_STDLIB_H 1
| #define HAVE_STRING_H 1
| #define HAVE_MEMORY_H 1
| #define HAVE_STRINGS_H 1
| #define HAVE_INTTYPES_H 1
| #define HAVE_STDINT_H 1
| #define HAVE_UNISTD_H 1
| #define HAVE_DLFCN_H 1
| #define STDC_HEADERS 1
| #define HAVE_STDDEF_H 1
| #define HAVE_STDLIB_H 1
| #define HAVE_LOCALE_H 1
| #define HAVE_STRING_H 1
| #define NEED_SYS_TYPES_H 1
| /* end confdefs.h.  */
| #include <stdio.h>
| #ifdef HAVE_SYS_TYPES_H
| # include <sys/types.h>
| #endif
| #ifdef HAVE_SYS_STAT_H
| # include <sys/stat.h>
| #endif
| #ifdef STDC_HEADERS
| # include <stdlib.h>
| # include <stddef.h>
| #else
| # ifdef HAVE_STDLIB_H
| #  include <stdlib.h>
| # endif
| #endif
| #ifdef HAVE_STRING_H
| # if !defined STDC_HEADERS && defined HAVE_MEMORY_H
| #  include <memory.h>
| # endif
| # include <string.h>
| #endif
| #ifdef HAVE_STRINGS_H
| # include <strings.h>
| #endif
| #ifdef HAVE_INTTYPES_H
| # include <inttypes.h>
| #endif
| #ifdef HAVE_STDINT_H
| # include <stdint.h>
| #endif
| #ifdef HAVE_UNISTD_H
| # include <unistd.h>
| #endif
| int
| main ()
| {
| if (sizeof ((size_t)))
| 	    return 0;
|   ;
|   return 0;
| }
configure:20115: result: yes
configure:20126: checking for unsigned char
configure:20126: gcc -c -O3 -Wall conftest.c >&5
configure:20126: $? = 0
configure:20126: gcc -c -O3 -Wall conftest.c >&5
conftest.c:64:28: error: expected expression
if (sizeof ((unsigned char)))
                           ^
1 error generated.
configure:20126: $? = 1
configure: failed program was:
| /* confdefs.h */
| #define PACKAGE_NAME "libjpeg-turbo"
| #define PACKAGE_TARNAME "libjpeg-turbo"
| #define PACKAGE_VERSION "1.3.90"
| #define PACKAGE_STRING "libjpeg-turbo 1.3.90"
| #define PACKAGE_BUGREPORT ""
| #define PACKAGE_URL ""
| #define PACKAGE "libjpeg-turbo"
| #define VERSION "1.3.90"
| #define STDC_HEADERS 1
| #define HAVE_SYS_TYPES_H 1
| #define HAVE_SYS_STAT_H 1
| #define HAVE_STDLIB_H 1
| #define HAVE_STRING_H 1
| #define HAVE_MEMORY_H 1
| #define HAVE_STRINGS_H 1
| #define HAVE_INTTYPES_H 1
| #define HAVE_STDINT_H 1
| #define HAVE_UNISTD_H 1
| #define HAVE_DLFCN_H 1
| #define STDC_HEADERS 1
| #define HAVE_STDDEF_H 1
| #define HAVE_STDLIB_H 1
| #define HAVE_LOCALE_H 1
| #define HAVE_STRING_H 1
| #define NEED_SYS_TYPES_H 1
| /* end confdefs.h.  */
| #include <stdio.h>
| #ifdef HAVE_SYS_TYPES_H
| # include <sys/types.h>
| #endif
| #ifdef HAVE_SYS_STAT_H
| # include <sys/stat.h>
| #endif
| #ifdef STDC_HEADERS
| # include <stdlib.h>
| # include <stddef.h>
| #else
| # ifdef HAVE_STDLIB_H
| #  include <stdlib.h>
| # endif
| #endif
| #ifdef HAVE_STRING_H
| # if !defined STDC_HEADERS && defined HAVE_MEMORY_H
| #  include <memory.h>
| # endif
| # include <string.h>
| #endif
| #ifdef HAVE_STRINGS_H
| # include <strings.h>
| #endif
| #ifdef HAVE_INTTYPES_H
| # include <inttypes.h>
| #endif
| #ifdef HAVE_STDINT_H
| # include <stdint.h>
| #endif
| #ifdef HAVE_UNISTD_H
| # include <unistd.h>
| #endif
| int
| main ()
| {
| if (sizeof ((unsigned char)))
| 	    return 0;
|   ;
|   return 0;
| }
configure:20126: result: yes
configure:20135: checking for unsigned short
configure:20135: gcc -c -O3 -Wall conftest.c >&5
configure:20135: $? = 0
configure:20135: gcc -c -O3 -Wall conftest.c >&5
conftest.c:65:29: error: expected expression
if (sizeof ((unsigned short)))
                            ^
1 error generated.
configure:20135: $? = 1
configure: failed program was:
| /* confdefs.h */
| #define PACKAGE_NAME "libjpeg-turbo"
| #define PACKAGE_TARNAME "libjpeg-turbo"
| #define PACKAGE_VERSION "1.3.90"
| #define PACKAGE_STRING "libjpeg-turbo 1.3.90"
| #define PACKAGE_BUGREPORT ""
| #define PACKAGE_URL ""
| #define PACKAGE "libjpeg-turbo"
| #define VERSION "1.3.90"
| #define STDC_HEADERS 1
| #define HAVE_SYS_TYPES_H 1
| #define HAVE_SYS_STAT_H 1
| #define HAVE_STDLIB_H 1
| #define HAVE_STRING_H 1
| #define HAVE_MEMORY_H 1
| #define HAVE_STRINGS_H 1
| #define HAVE_INTTYPES_H 1
| #define HAVE_STDINT_H 1
| #define HAVE_UNISTD_H 1
| #define HAVE_DLFCN_H 1
| #define STDC_HEADERS 1
| #define HAVE_STDDEF_H 1
| #define HAVE_STDLIB_H 1
| #define HAVE_LOCALE_H 1
| #define HAVE_STRING_H 1
| #define NEED_SYS_TYPES_H 1
| #define HAVE_UNSIGNED_CHAR 1
| /* end confdefs.h.  */
| #include <stdio.h>
| #ifdef HAVE_SYS_TYPES_H
| # include <sys/types.h>
| #endif
| #ifdef HAVE_SYS_STAT_H
| # include <sys/stat.h>
| #endif
| #ifdef STDC_HEADERS
| # include <stdlib.h>
| # include <stddef.h>
| #else
| # ifdef HAVE_STDLIB_H
| #  include <stdlib.h>
| # endif
| #endif
| #ifdef HAVE_STRING_H
| # if !defined STDC_HEADERS && defined HAVE_MEMORY_H
| #  include <memory.h>
| # endif
| # include <string.h>
| #endif
| #ifdef HAVE_STRINGS_H
| # include <strings.h>
| #endif
| #ifdef HAVE_INTTYPES_H
| # include <inttypes.h>
| #endif
| #ifdef HAVE_STDINT_H
| # include <stdint.h>
| #endif
| #ifdef HAVE_UNISTD_H
| # include <unistd.h>
| #endif
| int
| main ()
| {
| if (sizeof ((unsigned short)))
| 	    return 0;
|   ;
|   return 0;
| }
configure:20135: result: yes
configure:20146: checking if right shift is signed
configure:20175: gcc -o conftest -O3 -Wall  conftest.c  >&5
conftest.c:39:19: warning: shifting a negative signed value is undefined [-Wshift-negative-value]
     res |= (~0L) << (32-4);
            ~~~~~ ^
conftest.c:48:6: error: implicitly declaring library function 'exit' with type 'void (int) __attribute__((noreturn))' [-Werror,-Wimplicit-function-declaration]
     exit(is_shifting_signed(-0x7F7E80B1L));
     ^
conftest.c:48:6: note: include the header <stdlib.h> or explicitly provide a declaration for 'exit'
1 warning and 1 error generated.
configure:20175: $? = 1
configure: program exited with status 1
configure: failed program was:
| /* confdefs.h */
| #define PACKAGE_NAME "libjpeg-turbo"
| #define PACKAGE_TARNAME "libjpeg-turbo"
| #define PACKAGE_VERSION "1.3.90"
| #define PACKAGE_STRING "libjpeg-turbo 1.3.90"
| #define PACKAGE_BUGREPORT ""
| #define PACKAGE_URL ""
| #define PACKAGE "libjpeg-turbo"
| #define VERSION "1.3.90"
| #define STDC_HEADERS 1
| #define HAVE_SYS_TYPES_H 1
| #define HAVE_SYS_STAT_H 1
| #define HAVE_STDLIB_H 1
| #define HAVE_STRING_H 1
| #define HAVE_MEMORY_H 1
| #define HAVE_STRINGS_H 1
| #define HAVE_INTTYPES_H 1
| #define HAVE_STDINT_H 1
| #define HAVE_UNISTD_H 1
| #define HAVE_DLFCN_H 1
| #define STDC_HEADERS 1
| #define HAVE_STDDEF_H 1
| #define HAVE_STDLIB_H 1
| #define HAVE_LOCALE_H 1
| #define HAVE_STRING_H 1
| #define NEED_SYS_TYPES_H 1
| #define HAVE_UNSIGNED_CHAR 1
| #define HAVE_UNSIGNED_SHORT 1
| /* end confdefs.h.  */
| #include <stdio.h>
|    int is_shifting_signed (long arg) {
|      long res = arg >> 4;
| 
|      if (res == -0x7F7E80CL)
|        return 1; /* right shift is signed */
| 
|      /* see if unsigned-shift hack will fix it. */
|      /* we can't just test exact value since it depends on width of long... */
|      res |= (~0L) << (32-4);
|      if (res == -0x7F7E80CL)
|        return 0; /* right shift is unsigned */
| 
|      printf("Right shift isn't acting as I expect it to.\n");
|      printf("I fear the JPEG software will not work at all.\n\n");
|      return 0; /* try it with unsigned anyway */
|    }
|    int main (void) {
|      exit(is_shifting_signed(-0x7F7E80B1L));
|    }
configure:20182: result: yes
configure:20194: checking for memset
configure:20194: gcc -o conftest -O3 -Wall  conftest.c  >&5
conftest.c:53:6: warning: incompatible redeclaration of library function 'memset' [-Wincompatible-library-redeclaration]
char memset ();
     ^
conftest.c:53:6: note: 'memset' is a builtin with type 'void *(void *, int, unsigned long)'
1 warning generated.
configure:20194: $? = 0
configure:20194: result: yes
configure:20194: checking for memcpy
configure:20194: gcc -o conftest -O3 -Wall  conftest.c  >&5
conftest.c:54:6: warning: incompatible redeclaration of library function 'memcpy' [-Wincompatible-library-redeclaration]
char memcpy ();
     ^
conftest.c:54:6: note: 'memcpy' is a builtin with type 'void *(void *, const void *, unsigned long)'
1 warning generated.
configure:20194: $? = 0
configure:20194: result: yes
configure:20208: checking libjpeg API version
configure:20236: result: 8.0
configure:20265: checking whether to include in-memory source/destination managers
configure:20274: result: yes
configure:20288: checking libjpeg shared library version
configure:20290: result: 8.2.2
configure:20312: checking whether the linker supports version scripts
configure:20332: gcc -o conftest -O3 -Wall  -Wl,--version-script,conftest.map conftest.c  >&5
ld: unknown option: --version-script
clang: error: linker command failed with exit code 1 (use -v to see invocation)
configure:20332: $? = 1
configure: failed program was:
| /* confdefs.h */
| #define PACKAGE_NAME "libjpeg-turbo"
| #define PACKAGE_TARNAME "libjpeg-turbo"
| #define PACKAGE_VERSION "1.3.90"
| #define PACKAGE_STRING "libjpeg-turbo 1.3.90"
| #define PACKAGE_BUGREPORT ""
| #define PACKAGE_URL ""
| #define PACKAGE "libjpeg-turbo"
| #define VERSION "1.3.90"
| #define STDC_HEADERS 1
| #define HAVE_SYS_TYPES_H 1
| #define HAVE_SYS_STAT_H 1
| #define HAVE_STDLIB_H 1
| #define HAVE_STRING_H 1
| #define HAVE_MEMORY_H 1
| #define HAVE_STRINGS_H 1
| #define HAVE_INTTYPES_H 1
| #define HAVE_STDINT_H 1
| #define HAVE_UNISTD_H 1
| #define HAVE_DLFCN_H 1
| #define STDC_HEADERS 1
| #define HAVE_STDDEF_H 1
| #define HAVE_STDLIB_H 1
| #define HAVE_LOCALE_H 1
| #define HAVE_STRING_H 1
| #define NEED_SYS_TYPES_H 1
| #define HAVE_UNSIGNED_CHAR 1
| #define HAVE_UNSIGNED_SHORT 1
| #define HAVE_MEMSET 1
| #define HAVE_MEMCPY 1
| #define JPEG_LIB_VERSION 80
| #define MEM_SRCDST_SUPPORTED 1
| #define LIBJPEG_TURBO_VERSION 1.3.90
| /* end confdefs.h.  */
| 
| int
| main ()
| {
| 
|   ;
|   return 0;
| }
configure:20352: gcc -o conftest -O3 -Wall  -Wl,-M,conftest.map conftest.c  >&5
ld: warning: ignoring file conftest.map, building for macOS-arm64 but attempting to link with file built for unknown-unsupported file format ( 0x56 0x45 0x52 0x53 0x5F 0x31 0x20 0x7B 0x0A 0x20 0x20 0x67 0x6C 0x6F 0x62 0x61 )
configure:20352: $? = 0
configure:20354: result: yes (Sun style)
configure:20367: checking whether to use version script when building libjpeg-turbo
configure:20369: result: yes
configure:20385: checking for inline
configure:20400: gcc -c -O3 -Wall conftest.c >&5
configure:20400: $? = 0
configure:20455: result: inline __attribute__((always_inline))
configure:20464: checking whether to include arithmetic encoding support
configure:20483: result: yes
configure:20497: checking whether to include arithmetic decoding support
configure:20516: result: yes
configure:20542: checking whether to use 12-bit samples
configure:20557: result: no
configure:20572: checking whether to build TurboJPEG C wrapper
configure:20588: result: yes
configure:20612: checking whether to build TurboJPEG Java wrapper
configure:20668: result: no
configure:20720: checking if we have SIMD optimisations for cpu type
configure:21120: result: yes (arm)
configure:21122: checking if the assembler is GNU-compatible and can be used
configure:21141: gcc -c -g -O2 -x assembler-with-cpp -Wall conftest.c >&5
conftest.c:40:5: error: unknown directive
    .fpu neon
    ^
conftest.c:41:11: error: unknown arch name
    .arch armv7a
          ^
conftest.c:42:5: error: unknown directive
    .object_arch armv4
    ^
conftest.c:43:5: error: unknown directive
    .arm
    ^
conftest.c:44:5: error: unrecognized instruction mnemonic, did you mean: ld1, ld2, ld3, ld4, ldp, ldr?
    pld [r0]
    ^
conftest.c:45:5: error: unrecognized instruction mnemonic, did you mean: mov, movn, mvn?
    vmovn.u16 d0, q0
    ^
configure:21141: $? = 1
configure: failed program was:
| /* confdefs.h */
| #define PACKAGE_NAME "libjpeg-turbo"
| #define PACKAGE_TARNAME "libjpeg-turbo"
| #define PACKAGE_VERSION "1.3.90"
| #define PACKAGE_STRING "libjpeg-turbo 1.3.90"
| #define PACKAGE_BUGREPORT ""
| #define PACKAGE_URL ""
| #define PACKAGE "libjpeg-turbo"
| #define VERSION "1.3.90"
| #define STDC_HEADERS 1
| #define HAVE_SYS_TYPES_H 1
| #define HAVE_SYS_STAT_H 1
| #define HAVE_STDLIB_H 1
| #define HAVE_STRING_H 1
| #define HAVE_MEMORY_H 1
| #define HAVE_STRINGS_H 1
| #define HAVE_INTTYPES_H 1
| #define HAVE_STDINT_H 1
| #define HAVE_UNISTD_H 1
| #define HAVE_DLFCN_H 1
| #define STDC_HEADERS 1
| #define HAVE_STDDEF_H 1
| #define HAVE_STDLIB_H 1
| #define HAVE_LOCALE_H 1
| #define HAVE_STRING_H 1
| #define NEED_SYS_TYPES_H 1
| #define HAVE_UNSIGNED_CHAR 1
| #define HAVE_UNSIGNED_SHORT 1
| #define HAVE_MEMSET 1
| #define HAVE_MEMCPY 1
| #define JPEG_LIB_VERSION 80
| #define MEM_SRCDST_SUPPORTED 1
| #define LIBJPEG_TURBO_VERSION 1.3.90
| #define INLINE inline __attribute__((always_inline))
| #define C_ARITH_CODING_SUPPORTED 1
| #define D_ARITH_CODING_SUPPORTED 1
| /* end confdefs.h.  */
| 
|     .text
|     .fpu neon
|     .arch armv7a
|     .object_arch armv4
|     .arm
|     pld [r0]
|     vmovn.u16 d0, q0
configure:21160: gas-preprocessor.pl gcc -c -g -O2 -x assembler-with-cpp -Wall conftest.c >&5
./configure: line 1767: gas-preprocessor.pl: command not found
configure:21160: $? = 127
configure: failed program was:
| /* confdefs.h */
| #define PACKAGE_NAME "libjpeg-turbo"
| #define PACKAGE_TARNAME "libjpeg-turbo"
| #define PACKAGE_VERSION "1.3.90"
| #define PACKAGE_STRING "libjpeg-turbo 1.3.90"
| #define PACKAGE_BUGREPORT ""
| #define PACKAGE_URL ""
| #define PACKAGE "libjpeg-turbo"
| #define VERSION "1.3.90"
| #define STDC_HEADERS 1
| #define HAVE_SYS_TYPES_H 1
| #define HAVE_SYS_STAT_H 1
| #define HAVE_STDLIB_H 1
| #define HAVE_STRING_H 1
| #define HAVE_MEMORY_H 1
| #define HAVE_STRINGS_H 1
| #define HAVE_INTTYPES_H 1
| #define HAVE_STDINT_H 1
| #define HAVE_UNISTD_H 1
| #define HAVE_DLFCN_H 1
| #define STDC_HEADERS 1
| #define HAVE_STDDEF_H 1
| #define HAVE_STDLIB_H 1
| #define HAVE_LOCALE_H 1
| #define HAVE_STRING_H 1
| #define NEED_SYS_TYPES_H 1
| #define HAVE_UNSIGNED_CHAR 1
| #define HAVE_UNSIGNED_SHORT 1
| #define HAVE_MEMSET 1
| #define HAVE_MEMCPY 1
| #define JPEG_LIB_VERSION 80
| #define MEM_SRCDST_SUPPORTED 1
| #define LIBJPEG_TURBO_VERSION 1.3.90
| #define INLINE inline __attribute__((always_inline))
| #define C_ARITH_CODING_SUPPORTED 1
| #define D_ARITH_CODING_SUPPORTED 1
| /* end confdefs.h.  */
| 
|       .text
|       .fpu neon
|       .arch armv7a
|       .object_arch armv4
|       .arm
|       pld [r0]
|       vmovn.u16 d0, q0
configure:21179: result: no
configure:21188: WARNING: SIMD support can't be enabled.  Performance will suffer.
configure:21679: creating ./config.status

## ---------------------- ##
## Running config.status. ##
## ---------------------- ##

This file was extended by libjpeg-turbo config.status 1.3.90, which was
generated by GNU Autoconf 2.69.  Invocation command line was

  CONFIG_FILES    = 
  CONFIG_HEADERS  = 
  CONFIG_LINKS    = 
  CONFIG_COMMANDS = 
  $ ./config.status 

on Shahzebs-MacBook-Pro.local

config.status:952: creating pkgscripts/libjpeg-turbo.spec.tmpl
config.status:952: creating pkgscripts/makecygwinpkg.tmpl
config.status:952: creating pkgscripts/makedpkg.tmpl
config.status:952: creating pkgscripts/makemacpkg.tmpl
config.status:952: creating pkgscripts/uninstall.tmpl
config.status:952: creating tjbenchtest
config.status:952: creating libjpeg.map
config.status:952: creating Makefile
config.status:1055: WARNING:  'Makefile.in' seems to ignore the --datarootdir setting
config.status:952: creating simd/Makefile
config.status:1055: WARNING:  'simd/Makefile.in' seems to ignore the --datarootdir setting
config.status:952: creating java/Makefile
config.status:1055: WARNING:  'java/Makefile.in' seems to ignore the --datarootdir setting
config.status:952: creating md5/Makefile
config.status:1055: WARNING:  'md5/Makefile.in' seems to ignore the --datarootdir setting
config.status:952: creating config.h
config.status:952: creating jconfig.h
config.status:952: creating jconfigint.h
config.status:1127: jconfigint.h is unchanged
config.status:1174: executing depfiles commands

## ---------------- ##
## Cache variables. ##
## ---------------- ##

ac_cv_build=arm-apple-darwin21.6.0
ac_cv_c_char_unsigned=no
ac_cv_c_compiler_gnu=yes
ac_cv_c_const=yes
ac_cv_c_inline=inline
ac_cv_cxx_compiler_gnu=yes
ac_cv_env_CCASFLAGS_set=
ac_cv_env_CCASFLAGS_value=
ac_cv_env_CCAS_set=
ac_cv_env_CCAS_value=
ac_cv_env_CCC_set=
ac_cv_env_CCC_value=
ac_cv_env_CC_set=
ac_cv_env_CC_value=
ac_cv_env_CFLAGS_set=
ac_cv_env_CFLAGS_value=
ac_cv_env_CPPFLAGS_set=
ac_cv_env_CPPFLAGS_value=
ac_cv_env_CPP_set=
ac_cv_env_CPP_value=
ac_cv_env_CXXCPP_set=
ac_cv_env_CXXCPP_value=
ac_cv_env_CXXFLAGS_set=
ac_cv_env_CXXFLAGS_value=
ac_cv_env_CXX_set=
ac_cv_env_CXX_value=
ac_cv_env_F77_set=
ac_cv_env_F77_value=
ac_cv_env_FFLAGS_set=
ac_cv_env_FFLAGS_value=
ac_cv_env_JAR_set=
ac_cv_env_JAR_value=
ac_cv_env_JAVACFLAGS_set=
ac_cv_env_JAVACFLAGS_value=
ac_cv_env_JAVAC_set=
ac_cv_env_JAVAC_value=
ac_cv_env_JAVA_set=
ac_cv_env_JAVA_value=
ac_cv_env_JNI_CFLAGS_set=
ac_cv_env_JNI_CFLAGS_value=
ac_cv_env_JPEG_LIB_VERSION_set=
ac_cv_env_JPEG_LIB_VERSION_value=
ac_cv_env_LDFLAGS_set=
ac_cv_env_LDFLAGS_value=
ac_cv_env_LIBS_set=
ac_cv_env_LIBS_value=
ac_cv_env_PKGNAME_set=
ac_cv_env_PKGNAME_value=
ac_cv_env_SO_MAJOR_VERSION_set=
ac_cv_env_SO_MAJOR_VERSION_value=
ac_cv_env_SO_MINOR_VERSION_set=
ac_cv_env_SO_MINOR_VERSION_value=
ac_cv_env_build_alias_set=
ac_cv_env_build_alias_value=
ac_cv_env_host_alias_set=
ac_cv_env_host_alias_value=
ac_cv_env_target_alias_set=
ac_cv_env_target_alias_value=
ac_cv_f77_compiler_gnu=yes
ac_cv_func_memcpy=yes
ac_cv_func_memset=yes
ac_cv_have_decl___SUNPRO_C=no
ac_cv_header_dlfcn_h=yes
ac_cv_header_inttypes_h=yes
ac_cv_header_locale_h=yes
ac_cv_header_memory_h=yes
ac_cv_header_stdc=yes
ac_cv_header_stddef_h=yes
ac_cv_header_stdint_h=yes
ac_cv_header_stdlib_h=yes
ac_cv_header_string_h=yes
ac_cv_header_strings_h=yes
ac_cv_header_sys_stat_h=yes
ac_cv_header_sys_types_h=yes
ac_cv_header_unistd_h=yes
ac_cv_host=arm-apple-darwin21.6.0
ac_cv_objext=o
ac_cv_path_EGREP='/usr/bin/grep -E'
ac_cv_path_GREP=/usr/bin/grep
ac_cv_path_install='/usr/local/bin/ginstall -c'
ac_cv_prog_AWK=awk
ac_cv_prog_CPP='gcc -E'
ac_cv_prog_CXXCPP='g++ -E'
ac_cv_prog_ac_ct_AR=ar
ac_cv_prog_ac_ct_CC=gcc
ac_cv_prog_ac_ct_CXX=g++
ac_cv_prog_ac_ct_F77=gfortran
ac_cv_prog_ac_ct_RANLIB=ranlib
ac_cv_prog_ac_ct_STRIP=strip
ac_cv_prog_cc_c89=
ac_cv_prog_cc_g=yes
ac_cv_prog_cc_gcc_c_o=yes
ac_cv_prog_cxx_g=yes
ac_cv_prog_f77_g=yes
ac_cv_prog_make_make_set=yes
ac_cv_type_size_t=yes
ac_cv_type_unsigned_char=yes
ac_cv_type_unsigned_short=yes
am_cv_CC_dependencies_compiler_type=gcc3
am_cv_CXX_dependencies_compiler_type=gcc3
ljt_cv_inline='inline __attribute__((always_inline))'
lt_cv_deplibs_check_method=pass_all
lt_cv_file_magic_cmd='$MAGIC_CMD'
lt_cv_file_magic_test_file=
lt_cv_ld_reload_flag=-r
lt_cv_objdir=.libs
lt_cv_path_LD=/Library/Developer/CommandLineTools/usr/bin/ld
lt_cv_path_LDCXX=/Library/Developer/CommandLineTools/usr/bin/ld
lt_cv_path_NM='/usr/bin/nm -B'
lt_cv_path_SED=/usr/bin/sed
lt_cv_prog_compiler_c_o=yes
lt_cv_prog_compiler_c_o_CXX=yes
lt_cv_prog_compiler_c_o_F77=yes
lt_cv_prog_compiler_rtti_exceptions=yes
lt_cv_prog_gnu_ld=no
lt_cv_prog_gnu_ldcxx=no
lt_cv_sys_global_symbol_pipe='sed -n -e '\''s/^.*[ 	]\([ABCDGIRSTW][ABCDGIRSTW]*\)[ 	][ 	]*\(_\)\([_A-Za-z][_A-Za-z0-9]*\)$/\1 \2\3 \3/p'\'''
lt_cv_sys_global_symbol_to_c_name_address='sed -n -e '\''s/^: \([^ ]*\) $/  {\"\1\", (lt_ptr) 0},/p'\'' -e '\''s/^[BCDEGRST] \([^ ]*\) \([^ ]*\)$/  {"\2", (lt_ptr) \&\2},/p'\'''
lt_cv_sys_global_symbol_to_cdecl='sed -n -e '\''s/^. .* \(.*\)$/extern int \1;/p'\'''
lt_cv_sys_max_cmd_len=262144
lt_lt_cv_prog_compiler_c_o='"yes"'
lt_lt_cv_prog_compiler_c_o_CXX='"yes"'
lt_lt_cv_prog_compiler_c_o_F77='"yes"'
lt_lt_cv_sys_global_symbol_pipe='"sed -n -e '\''s/^.*[ 	]\\([ABCDGIRSTW][ABCDGIRSTW]*\\)[ 	][ 	]*\\(_\\)\\([_A-Za-z][_A-Za-z0-9]*\\)\$/\\1 \\2\\3 \\3/p'\''"'
lt_lt_cv_sys_global_symbol_to_c_name_address='"sed -n -e '\''s/^: \\([^ ]*\\) \$/  {\\\"\\1\\\", (lt_ptr) 0},/p'\'' -e '\''s/^[BCDEGRST] \\([^ ]*\\) \\([^ ]*\\)\$/  {\"\\2\", (lt_ptr) \\&\\2},/p'\''"'
lt_lt_cv_sys_global_symbol_to_cdecl='"sed -n -e '\''s/^. .* \\(.*\\)\$/extern int \\1;/p'\''"'

## ----------------- ##
## Output variables. ##
## ----------------- ##

ACLOCAL='${SHELL} /Users/shahzeblakhani/Downloads/ROMP/romp/missing --run aclocal-1.9'
AMDEPBACKSLASH='\'
AMDEP_FALSE='#'
AMDEP_TRUE=''
AMTAR='${SHELL} /Users/shahzeblakhani/Downloads/ROMP/romp/missing --run tar'
AR='ar'
AUTOCONF='${SHELL} /Users/shahzeblakhani/Downloads/ROMP/romp/missing --run autoconf'
AUTOHEADER='${SHELL} /Users/shahzeblakhani/Downloads/ROMP/romp/missing --run autoheader'
AUTOMAKE='${SHELL} /Users/shahzeblakhani/Downloads/ROMP/romp/missing --run automake-1.9'
AWK='awk'
BUILD='20230930'
CC='gcc'
CCAS='gcc'
CCASFLAGS='-g -O2'
CCDEPMODE='depmode=gcc3'
CFLAGS='-O3'
CPP='gcc -E'
CPPFLAGS='-Wall'
CXX='g++'
CXXCPP='g++ -E'
CXXDEPMODE='depmode=gcc3'
CXXFLAGS='-g -O2'
CYGPATH_W='echo'
DEBARCH=''
DEFS='-DHAVE_CONFIG_H'
DEPDIR='.deps'
ECHO='/bin/echo'
ECHO_C='\c'
ECHO_N=''
ECHO_T=''
EGREP='/usr/bin/grep -E'
EXEEXT=''
F77='gfortran'
FFLAGS='-g -O2'
GREP='/usr/bin/grep'
INSTALL_DATA='${INSTALL} -m 644'
INSTALL_PROGRAM='${INSTALL}'
INSTALL_SCRIPT='${INSTALL}'
INSTALL_STRIP_PROGRAM='${SHELL} $(install_sh) -c -s'
JAR='jar'
JAVA='java'
JAVAC='javac'
JAVACFLAGS=''
JAVA_RPM_CONTENTS_1=''
JAVA_RPM_CONTENTS_2=''
JNI_CFLAGS=''
JPEG_LIB_VERSION='80'
JPEG_LIB_VERSION_DECIMAL='8.0'
LDFLAGS=''
LIBOBJS=''
LIBS=''
LIBTOOL='$(SHELL) $(top_builddir)/libtool'
LIBTOOL_CURRENT='10'
LN_S='ln -s'
LTLIBOBJS=''
MAKEINFO='${SHELL} /Users/shahzeblakhani/Downloads/ROMP/romp/missing --run makeinfo'
MEM_SRCDST_FUNCTIONS='global:  jpeg_mem_dest;  jpeg_mem_src;'
NAFLAGS=''
NASM=''
OBJEXT='o'
PACKAGE='libjpeg-turbo'
PACKAGE_BUGREPORT=''
PACKAGE_NAME='libjpeg-turbo'
PACKAGE_STRING='libjpeg-turbo 1.3.90'
PACKAGE_TARNAME='libjpeg-turbo'
PACKAGE_URL=''
PACKAGE_VERSION='1.3.90'
PATH_SEPARATOR=':'
PKGNAME='libjpeg-turbo'
RANLIB='ranlib'
RPMARCH=''
RPM_CONFIG_ARGS=''
SET_MAKE=''
SHELL='/bin/sh'
SIMD_ARM_64_FALSE=''
SIMD_ARM_64_TRUE='#'
SIMD_ARM_FALSE=''
SIMD_ARM_TRUE='#'
SIMD_I386_FALSE=''
SIMD_I386_TRUE='#'
SIMD_MIPS_FALSE=''
SIMD_MIPS_TRUE='#'
SIMD_X86_64_FALSE=''
SIMD_X86_64_TRUE='#'
SO_AGE='2'
SO_MAJOR_VERSION='8'
SO_MINOR_VERSION='2'
STRIP='strip'
VERSION='1.3.90'
VERSION_SCRIPT_FALSE='#'
VERSION_SCRIPT_FLAG='-Wl,-M,'
VERSION_SCRIPT_TRUE=''
WITH_12BIT_FALSE=''
WITH_12BIT_TRUE='#'
WITH_ARITH_DEC_FALSE='#'
WITH_ARITH_DEC_TRUE=''
WITH_ARITH_ENC_FALSE='#'
WITH_ARITH_ENC_TRUE=''
WITH_ARITH_FALSE='#'
WITH_ARITH_TRUE=''
WITH_JAVA='0'
WITH_JAVA_FALSE=''
WITH_JAVA_TRUE='#'
WITH_SIMD_FALSE=''
WITH_SIMD_TRUE='#'
WITH_SSE_FLOAT_DCT_FALSE=''
WITH_SSE_FLOAT_DCT_TRUE='#'
WITH_TURBOJPEG_FALSE='#'
WITH_TURBOJPEG_TRUE=''
X86_64_FALSE=''
X86_64_TRUE='#'
ac_ct_CC='gcc'
ac_ct_CXX='g++'
ac_ct_F77='gfortran'
am__fastdepCC_FALSE='#'
am__fastdepCC_TRUE=''
am__fastdepCXX_FALSE='#'
am__fastdepCXX_TRUE=''
am__include='include'
am__leading_dot='.'
am__quote=''
am__tar='${AMTAR} chof - "$$tardir"'
am__untar='${AMTAR} xf -'
bindir='${exec_prefix}/bin'
build='arm-apple-darwin21.6.0'
build_alias=''
build_cpu='arm'
build_os='darwin21.6.0'
build_vendor='apple'
datadir='${prefix}'
datarootdir='${prefix}'
docdir='${datarootdir}/doc/${PACKAGE_TARNAME}'
dvidir='${docdir}'
exec_prefix='${prefix}'
host='arm-apple-darwin21.6.0'
host_alias=''
host_cpu='arm'
host_os='darwin21.6.0'
host_vendor='apple'
htmldir='${docdir}'
includedir='${prefix}/include'
infodir='${datarootdir}/info'
install_sh='/Users/shahzeblakhani/Downloads/ROMP/romp/install-sh'
libdir='${exec_prefix}/lib'
libexecdir='${exec_prefix}/libexec'
localedir='${datarootdir}/locale'
localstatedir='${prefix}/var'
mandir='${datarootdir}/man'
mkdir_p='$(install_sh) -d'
oldincludedir='/usr/include'
pdfdir='${docdir}'
prefix='/opt/libjpeg-turbo'
program_transform_name='s,x,x,'
psdir='${docdir}'
sbindir='${exec_prefix}/sbin'
sharedstatedir='${prefix}/com'
sysconfdir='${prefix}/etc'
target_alias=''

## ----------- ##
## confdefs.h. ##
## ----------- ##

/* confdefs.h */
#define PACKAGE_NAME "libjpeg-turbo"
#define PACKAGE_TARNAME "libjpeg-turbo"
#define PACKAGE_VERSION "1.3.90"
#define PACKAGE_STRING "libjpeg-turbo 1.3.90"
#define PACKAGE_BUGREPORT ""
#define PACKAGE_URL ""
#define PACKAGE "libjpeg-turbo"
#define VERSION "1.3.90"
#define STDC_HEADERS 1
#define HAVE_SYS_TYPES_H 1
#define HAVE_SYS_STAT_H 1
#define HAVE_STDLIB_H 1
#define HAVE_STRING_H 1
#define HAVE_MEMORY_H 1
#define HAVE_STRINGS_H 1
#define HAVE_INTTYPES_H 1
#define HAVE_STDINT_H 1
#define HAVE_UNISTD_H 1
#define HAVE_DLFCN_H 1
#define STDC_HEADERS 1
#define HAVE_STDDEF_H 1
#define HAVE_STDLIB_H 1
#define HAVE_LOCALE_H 1
#define HAVE_STRING_H 1
#define NEED_SYS_TYPES_H 1
#define HAVE_UNSIGNED_CHAR 1
#define HAVE_UNSIGNED_SHORT 1
#define HAVE_MEMSET 1
#define HAVE_MEMCPY 1
#define JPEG_LIB_VERSION 80
#define MEM_SRCDST_SUPPORTED 1
#define LIBJPEG_TURBO_VERSION 1.3.90
#define INLINE inline __attribute__((always_inline))
#define C_ARITH_CODING_SUPPORTED 1
#define D_ARITH_CODING_SUPPORTED 1
#define BUILD "20230930"

configure: exit 0
